# JRE version: 7.0_17-b02
# Java VM: Java HotSpot(TM) 64-Bit Server VM (23.7-b01 mixed mode windows-amd64 compressed oops)
Heap
 PSYoungGen      total 128256K, used 27279K [0x00000000eaab0000, 0x00000000fca10000, 0x0000000100000000)
  eden space 123136K, 17% used [0x00000000eaab0000,0x00000000ec054dc0,0x00000000f22f0000)
  from space 5120K, 99% used [0x00000000f22f0000,0x00000000f27ef078,0x00000000f27f0000)
  to   space 24000K, 0% used [0x00000000fb2a0000,0x00000000fb2a0000,0x00000000fca10000)
 ParOldGen       total 82112K, used 41960K [0x00000000c0000000, 0x00000000c5030000, 0x00000000eaab0000)
  object space 82112K, 51% used [0x00000000c0000000,0x00000000c28fa2a8,0x00000000c5030000)
 PSPermGen       total 21248K, used 6093K [0x00000000bae00000, 0x00000000bc2c0000, 0x00000000c0000000)
  object space 21248K, 28% used [0x00000000bae00000,0x00000000bb3f37a8,0x00000000bc2c0000)
GC Heap History (10 events):
Event: 2.673 GC heap before
{Heap before GC invocations=1 (full 0):
 PSYoungGen      total 35904K, used 30784K [0x00000000eaab0000, 0x00000000ed2c0000, 0x0000000100000000)
  eden space 30784K, 100% used [0x00000000eaab0000,0x00000000ec8c0000,0x00000000ec8c0000)
  from space 5120K, 0% used [0x00000000ecdc0000,0x00000000ecdc0000,0x00000000ed2c0000)
  to   space 5120K, 0% used [0x00000000ec8c0000,0x00000000ec8c0000,0x00000000ecdc0000)
 ParOldGen       total 82112K, used 0K [0x00000000c0000000, 0x00000000c5030000, 0x00000000eaab0000)
  object space 82112K, 0% used [0x00000000c0000000,0x00000000c0000000,0x00000000c5030000)
 PSPermGen       total 21248K, used 5695K [0x00000000bae00000, 0x00000000bc2c0000, 0x00000000c0000000)
  object space 21248K, 26% used [0x00000000bae00000,0x00000000bb38fdf8,0x00000000bc2c0000)
Event: 2.932 GC heap after
Heap after GC invocations=1 (full 0):
 PSYoungGen      total 35904K, used 5104K [0x00000000eaab0000, 0x00000000ef0d0000, 0x0000000100000000)
  eden space 30784K, 0% used [0x00000000eaab0000,0x00000000eaab0000,0x00000000ec8c0000)
  from space 5120K, 99% used [0x00000000ec8c0000,0x00000000ecdbc288,0x00000000ecdc0000)
  to   space 5120K, 0% used [0x00000000eebd0000,0x00000000eebd0000,0x00000000ef0d0000)
 ParOldGen       total 82112K, used 1687K [0x00000000c0000000, 0x00000000c5030000, 0x00000000eaab0000)
  object space 82112K, 2% used [0x00000000c0000000,0x00000000c01a5de8,0x00000000c5030000)
 PSPermGen       total 21248K, used 5695K [0x00000000bae00000, 0x00000000bc2c0000, 0x00000000c0000000)
  object space 21248K, 26% used [0x00000000bae00000,0x00000000bb38fdf8,0x00000000bc2c0000)
}
Event: 4.513 GC heap before
{Heap before GC invocations=2 (full 0):
 PSYoungGen      total 35904K, used 35888K [0x00000000eaab0000, 0x00000000ef0d0000, 0x0000000100000000)
  eden space 30784K, 100% used [0x00000000eaab0000,0x00000000ec8c0000,0x00000000ec8c0000)
  from space 5120K, 99% used [0x00000000ec8c0000,0x00000000ecdbc288,0x00000000ecdc0000)
  to   space 5120K, 0% used [0x00000000eebd0000,0x00000000eebd0000,0x00000000ef0d0000)
 ParOldGen       total 82112K, used 1687K [0x00000000c0000000, 0x00000000c5030000, 0x00000000eaab0000)
  object space 82112K, 2% used [0x00000000c0000000,0x00000000c01a5de8,0x00000000c5030000)
 PSPermGen       total 21248K, used 5767K [0x00000000bae00000, 0x00000000bc2c0000, 0x00000000c0000000)
  object space 21248K, 27% used [0x00000000bae00000,0x00000000bb3a1f18,0x00000000bc2c0000)
Event: 5.208 GC heap after
Heap after GC invocations=2 (full 0):
 PSYoungGen      total 66688K, used 5092K [0x00000000eaab0000, 0x00000000ef0d0000, 0x0000000100000000)
  eden space 61568K, 0% used [0x00000000eaab0000,0x00000000eaab0000,0x00000000ee6d0000)
  from space 5120K, 99% used [0x00000000eebd0000,0x00000000ef0c9030,0x00000000ef0d0000)
  to   space 5120K, 0% used [0x00000000ee6d0000,0x00000000ee6d0000,0x00000000eebd0000)
 ParOldGen       total 82112K, used 6354K [0x00000000c0000000, 0x00000000c5030000, 0x00000000eaab0000)
  object space 82112K, 7% used [0x00000000c0000000,0x00000000c0634a58,0x00000000c5030000)
 PSPermGen       total 21248K, used 5767K [0x00000000bae00000, 0x00000000bc2c0000, 0x00000000c0000000)
  object space 21248K, 27% used [0x00000000bae00000,0x00000000bb3a1f18,0x00000000bc2c0000)
}
Event: 5.950 GC heap before
{Heap before GC invocations=3 (full 0):
 PSYoungGen      total 66688K, used 66660K [0x00000000eaab0000, 0x00000000ef0d0000, 0x0000000100000000)
  eden space 61568K, 100% used [0x00000000eaab0000,0x00000000ee6d0000,0x00000000ee6d0000)
  from space 5120K, 99% used [0x00000000eebd0000,0x00000000ef0c9030,0x00000000ef0d0000)
  to   space 5120K, 0% used [0x00000000ee6d0000,0x00000000ee6d0000,0x00000000eebd0000)
 ParOldGen       total 82112K, used 6354K [0x00000000c0000000, 0x00000000c5030000, 0x00000000eaab0000)
  object space 82112K, 7% used [0x00000000c0000000,0x00000000c0634a58,0x00000000c5030000)
 PSPermGen       total 21248K, used 5811K [0x00000000bae00000, 0x00000000bc2c0000, 0x00000000c0000000)
  object space 21248K, 27% used [0x00000000bae00000,0x00000000bb3accf0,0x00000000bc2c0000)
Event: 6.019 GC heap after
Heap after GC invocations=3 (full 0):
 PSYoungGen      total 66688K, used 5112K [0x00000000eaab0000, 0x00000000f2cf0000, 0x0000000100000000)
  eden space 61568K, 0% used [0x00000000eaab0000,0x00000000eaab0000,0x00000000ee6d0000)
  from space 5120K, 99% used [0x00000000ee6d0000,0x00000000eebce020,0x00000000eebd0000)
  to   space 5120K, 0% used [0x00000000f27f0000,0x00000000f27f0000,0x00000000f2cf0000)
 ParOldGen       total 82112K, used 15370K [0x00000000c0000000, 0x00000000c5030000, 0x00000000eaab0000)
  object space 82112K, 18% used [0x00000000c0000000,0x00000000c0f02a60,0x00000000c5030000)
 PSPermGen       total 21248K, used 5811K [0x00000000bae00000, 0x00000000bc2c0000, 0x00000000c0000000)
  object space 21248K, 27% used [0x00000000bae00000,0x00000000bb3accf0,0x00000000bc2c0000)
}
Event: 6.555 GC heap before
{Heap before GC invocations=4 (full 0):
 PSYoungGen      total 66688K, used 66680K [0x00000000eaab0000, 0x00000000f2cf0000, 0x0000000100000000)
  eden space 61568K, 100% used [0x00000000eaab0000,0x00000000ee6d0000,0x00000000ee6d0000)
  from space 5120K, 99% used [0x00000000ee6d0000,0x00000000eebce020,0x00000000eebd0000)
  to   space 5120K, 0% used [0x00000000f27f0000,0x00000000f27f0000,0x00000000f2cf0000)
 ParOldGen       total 82112K, used 15370K [0x00000000c0000000, 0x00000000c5030000, 0x00000000eaab0000)
  object space 82112K, 18% used [0x00000000c0000000,0x00000000c0f02a60,0x00000000c5030000)
 PSPermGen       total 21248K, used 5860K [0x00000000bae00000, 0x00000000bc2c0000, 0x00000000c0000000)
  object space 21248K, 27% used [0x00000000bae00000,0x00000000bb3b9090,0x00000000bc2c0000)
Event: 6.578 GC heap after
Heap after GC invocations=4 (full 0):
 PSYoungGen      total 128256K, used 5116K [0x00000000eaab0000, 0x00000000f2cf0000, 0x0000000100000000)
  eden space 123136K, 0% used [0x00000000eaab0000,0x00000000eaab0000,0x00000000f22f0000)
  from space 5120K, 99% used [0x00000000f27f0000,0x00000000f2cef078,0x00000000f2cf0000)
  to   space 5120K, 0% used [0x00000000f22f0000,0x00000000f22f0000,0x00000000f27f0000)
 ParOldGen       total 82112K, used 24677K [0x00000000c0000000, 0x00000000c5030000, 0x00000000eaab0000)
  object space 82112K, 30% used [0x00000000c0000000,0x00000000c1819650,0x00000000c5030000)
 PSPermGen       total 21248K, used 5860K [0x00000000bae00000, 0x00000000bc2c0000, 0x00000000c0000000)
  object space 21248K, 27% used [0x00000000bae00000,0x00000000bb3b9090,0x00000000bc2c0000)
}
Event: 8.476 GC heap before
{Heap before GC invocations=5 (full 0):
 PSYoungGen      total 128256K, used 128252K [0x00000000eaab0000, 0x00000000f2cf0000, 0x0000000100000000)
  eden space 123136K, 100% used [0x00000000eaab0000,0x00000000f22f0000,0x00000000f22f0000)
  from space 5120K, 99% used [0x00000000f27f0000,0x00000000f2cef078,0x00000000f2cf0000)
  to   space 5120K, 0% used [0x00000000f22f0000,0x00000000f22f0000,0x00000000f27f0000)
 ParOldGen       total 82112K, used 24677K [0x00000000c0000000, 0x00000000c5030000, 0x00000000eaab0000)
  object space 82112K, 30% used [0x00000000c0000000,0x00000000c1819650,0x00000000c5030000)
 PSPermGen       total 21248K, used 5924K [0x00000000bae00000, 0x00000000bc2c0000, 0x00000000c0000000)
  object space 21248K, 27% used [0x00000000bae00000,0x00000000bb3c9180,0x00000000bc2c0000)
Event: 9.073 GC heap after
Heap after GC invocations=5 (full 0):
 PSYoungGen      total 128256K, used 5116K [0x00000000eaab0000, 0x00000000fca10000, 0x0000000100000000)
  eden space 123136K, 0% used [0x00000000eaab0000,0x00000000eaab0000,0x00000000f22f0000)
  from space 5120K, 99% used [0x00000000f22f0000,0x00000000f27ef078,0x00000000f27f0000)
  to   space 24000K, 0% used [0x00000000fb2a0000,0x00000000fb2a0000,0x00000000fca10000)
 ParOldGen       total 82112K, used 41960K [0x00000000c0000000, 0x00000000c5030000, 0x00000000eaab0000)
  object space 82112K, 51% used [0x00000000c0000000,0x00000000c28fa2a8,0x00000000c5030000)
 PSPermGen       total 21248K, used 5924K [0x00000000bae00000, 0x00000000bc2c0000, 0x00000000c0000000)
  object space 21248K, 27% used [0x00000000bae00000,0x00000000bb3c9180,0x00000000bc2c0000)
}

